2025-03-18 09:49:40,072 [INFO] Activator:176 - 


2025-03-18 09:49:40,073 [INFO] Activator:177 - !SESSION log4j initialized
2025-03-18 09:49:42,417 [INFO] LogOutputStream:77 - [STDOUT_REDIRECT] 
2025-03-18 09:49:43,885 [INFO] ApplicationProperties:184 - Using Application install path: C:\ST\STM32CubeIDE_1.18.0\STM32CubeIDE\plugins\com.st.stm32cube.common.mx_6.14.0.202502271554
2025-03-18 09:49:43,900 [INFO] DbMcusXml:78 - Set database path to: C:\ST\STM32CubeIDE_1.18.0\STM32CubeIDE\plugins\com.st.stm32cube.common.mx_6.14.0.202502271554\\db\/mcu/
2025-03-18 09:49:43,900 [INFO] ApiDb:274 - Set plugin database path to: C:\ST\STM32CubeIDE_1.18.0\STM32CubeIDE\plugins\com.st.stm32cube.common.mx_6.14.0.202502271554\\db\/plugins/boardmanager/
2025-03-18 09:49:43,901 [WARN] ApiDb:259 - Overriding images path with different value:  => C:\ST\STM32CubeIDE_1.18.0\STM32CubeIDE\plugins\com.st.stm32cube.common.mx_6.14.0.202502271554\\db\/plugins/mcufinder/images/
2025-03-18 09:49:43,907 [INFO] ApiDb:250 - Set database path to: C:\Users\admin\.stmcufinder\plugins\mcufinder//mcu/
2025-03-18 09:49:43,909 [INFO] DbMcusAds:125 - Set database path to: C:\Users\admin\.stmcufinder\plugins\mcufinder//mcu/
2025-03-18 09:49:43,910 [INFO] CrossReferenceDbSqlite:203 - Set database path to: C:\Users\admin\.stmcufinder\plugins\mcufinder//mcu/cs/
2025-03-18 09:49:43,998 [INFO] RulesReader:64 - Compatibility file has been processed (301 Rules)
2025-03-18 09:49:44,063 [INFO] DbMcusXml:78 - Set database path to: C:\ST\STM32CubeIDE_1.18.0\STM32CubeIDE\plugins\com.st.stm32cube.common.mx_6.14.0.202502271554\\db\/mcu/
2025-03-18 09:49:44,064 [INFO] ApiDb:274 - Set plugin database path to: C:\ST\STM32CubeIDE_1.18.0\STM32CubeIDE\plugins\com.st.stm32cube.common.mx_6.14.0.202502271554\\db\/plugins/boardmanager/
2025-03-18 09:49:44,064 [INFO] ApiDb:261 - Set plugin images path to: C:\ST\STM32CubeIDE_1.18.0\STM32CubeIDE\plugins\com.st.stm32cube.common.mx_6.14.0.202502271554\\db\/plugins/mcufinder/images/
2025-03-18 09:49:44,064 [WARN] DbFile:41 - Overriding database path with different value: C:\Users\admin\.stmcufinder\plugins\mcufinder/ => C:\Users\admin\.stmcufinder\plugins\mcufinder
2025-03-18 09:49:44,064 [INFO] ApiDb:250 - Set database path to: C:\Users\admin\.stmcufinder\plugins\mcufinder//mcu/
2025-03-18 09:49:44,064 [WARN] DbFile:41 - Overriding database path with different value: C:\Users\admin\.stmcufinder\plugins\mcufinder/ => C:\Users\admin\.stmcufinder\plugins\mcufinder
2025-03-18 09:49:44,064 [INFO] DbMcusAds:125 - Set database path to: C:\Users\admin\.stmcufinder\plugins\mcufinder//mcu/
2025-03-18 09:49:44,064 [WARN] DbFile:41 - Overriding database path with different value: C:\Users\admin\.stmcufinder\plugins\mcufinder/ => C:\Users\admin\.stmcufinder\plugins\mcufinder
2025-03-18 09:49:44,064 [WARN] DbFile:41 - Overriding database path with different value: C:\Users\admin\.stmcufinder\plugins\mcufinder/ => C:\Users\admin\.stmcufinder\plugins\mcufinder
2025-03-18 09:49:44,064 [INFO] CrossReferenceDbSqlite:203 - Set database path to: C:\Users\admin\.stmcufinder\plugins\mcufinder//mcu/cs/
2025-03-18 09:49:44,125 [INFO] MainPanel:272 - HeapMemory: 268435456
2025-03-18 09:49:44,218 [INFO] DbMcusXml:78 - Set database path to: C:\ST\STM32CubeIDE_1.18.0\STM32CubeIDE\plugins\com.st.stm32cube.common.mx_6.14.0.202502271554\\db\/mcu/
2025-03-18 09:49:44,218 [INFO] ApiDb:274 - Set plugin database path to: C:\ST\STM32CubeIDE_1.18.0\STM32CubeIDE\plugins\com.st.stm32cube.common.mx_6.14.0.202502271554\\db\/plugins/boardmanager/
2025-03-18 09:49:44,218 [INFO] ApiDb:261 - Set plugin images path to: C:\ST\STM32CubeIDE_1.18.0\STM32CubeIDE\plugins\com.st.stm32cube.common.mx_6.14.0.202502271554\\db\/plugins/mcufinder/images/
2025-03-18 09:49:44,218 [WARN] DbFile:41 - Overriding database path with different value: C:\Users\admin\.stmcufinder\plugins\mcufinder/ => C:\Users\admin\.stmcufinder\plugins\mcufinder
2025-03-18 09:49:44,218 [INFO] ApiDb:250 - Set database path to: C:\Users\admin\.stmcufinder\plugins\mcufinder//mcu/
2025-03-18 09:49:44,219 [WARN] DbFile:41 - Overriding database path with different value: C:\Users\admin\.stmcufinder\plugins\mcufinder/ => C:\Users\admin\.stmcufinder\plugins\mcufinder
2025-03-18 09:49:44,219 [INFO] DbMcusAds:125 - Set database path to: C:\Users\admin\.stmcufinder\plugins\mcufinder//mcu/
2025-03-18 09:49:44,219 [WARN] DbFile:41 - Overriding database path with different value: C:\Users\admin\.stmcufinder\plugins\mcufinder/ => C:\Users\admin\.stmcufinder\plugins\mcufinder
2025-03-18 09:49:44,219 [WARN] DbFile:41 - Overriding database path with different value: C:\Users\admin\.stmcufinder\plugins\mcufinder/ => C:\Users\admin\.stmcufinder\plugins\mcufinder
2025-03-18 09:49:44,219 [INFO] CrossReferenceDbSqlite:203 - Set database path to: C:\Users\admin\.stmcufinder\plugins\mcufinder//mcu/cs/
2025-03-18 09:49:44,233 [INFO] ApplicationProperties:184 - Using Application install path: C:\ST\STM32CubeIDE_1.18.0\STM32CubeIDE\plugins\com.st.stm32cube.common.mx_6.14.0.202502271554
2025-03-18 09:49:44,235 [INFO] PluginManage:196 - Search for loadable plugins [exclusion list=, ]
2025-03-18 09:49:44,236 [INFO] PluginManage:310 - Check plugin analytics
2025-03-18 09:49:44,449 [INFO] AnalyticsPlugin:253 - Accepted Software Licenses: 
2025-03-18 09:49:44,450 [INFO] AnalyticsPlugin:255 - Accepted CMSIS Pack Licenses: 
2025-03-18 09:49:44,450 [INFO] AnalyticsPlugin:257 - Accepted Firmware Licenses: FW.F4.1.28.0
2025-03-18 09:49:44,453 [INFO] PluginManage:359 - Loaded plugin analytics (category:tool,tabindex:-1)
2025-03-18 09:49:44,453 [INFO] PluginManage:310 - Check plugin cadmodel
2025-03-18 09:49:44,460 [INFO] CADModel:105 - Init CAD model plugin
2025-03-18 09:49:44,460 [INFO] PluginManage:359 - Loaded plugin cadmodel (category:power,tabindex:5)
2025-03-18 09:49:44,460 [INFO] PluginManage:310 - Check plugin clock
2025-03-18 09:49:44,470 [INFO] PluginManage:359 - Loaded plugin clock (category:base,tabindex:2)
2025-03-18 09:49:44,470 [INFO] PluginManage:310 - Check plugin ddr
2025-03-18 09:49:44,472 [INFO] PluginManage:359 - Loaded plugin ddr (category:tool,tabindex:6)
2025-03-18 09:49:44,472 [INFO] PluginManage:310 - Check plugin filemanager
2025-03-18 09:49:44,585 [INFO] PluginManage:359 - Loaded plugin filemanager (category:base,tabindex:10)
2025-03-18 09:49:44,585 [INFO] PluginManage:310 - Check plugin ipmanager
2025-03-18 09:49:44,590 [INFO] PluginManage:359 - Loaded plugin ipmanager (category:base,tabindex:5)
2025-03-18 09:49:44,591 [INFO] PluginManage:310 - Check plugin lpbam
2025-03-18 09:49:44,597 [INFO] PluginManage:359 - Loaded plugin lpbam (category:base,tabindex:0)
2025-03-18 09:49:44,597 [INFO] PluginManage:310 - Check plugin memorymap
2025-03-18 09:49:44,613 [INFO] PluginManage:359 - Loaded plugin memorymap (category:base,tabindex:4)
2025-03-18 09:49:44,613 [INFO] PluginManage:310 - Check plugin pinoutandconfiguration
2025-03-18 09:49:44,619 [INFO] PluginManage:359 - Loaded plugin pinoutandconfiguration (category:base,tabindex:1)
2025-03-18 09:49:44,619 [INFO] PluginManage:310 - Check plugin pinoutconfig
2025-03-18 09:49:44,691 [WARN] SupportedApi:132 - Cannot load RTOS API schema: s4s-elt-must-match.1: The content of 'definitions' must match (annotation?, (simpleType | complexType)?, (unique | key | keyref)*)). A problem was found starting at: attribute.
2025-03-18 09:49:44,810 [INFO] PluginManage:359 - Loaded plugin pinoutconfig (category:base,tabindex:0)
2025-03-18 09:49:44,810 [INFO] PluginManage:310 - Check plugin power
2025-03-18 09:49:44,819 [INFO] PluginManage:359 - Loaded plugin power (category:power,tabindex:4)
2025-03-18 09:49:44,820 [INFO] PluginManage:310 - Check plugin projectmanager
2025-03-18 09:49:44,835 [INFO] PluginManage:359 - Loaded plugin projectmanager (category:projectmanager,tabindex:4)
2025-03-18 09:49:44,835 [INFO] PluginManage:310 - Check plugin rif
2025-03-18 09:49:44,844 [INFO] PluginManage:359 - Loaded plugin rif (category:base,tabindex:3)
2025-03-18 09:49:44,844 [INFO] PluginManage:310 - Check plugin thirdparty
2025-03-18 09:49:44,958 [INFO] PluginManage:359 - Loaded plugin thirdparty (category:base,tabindex:-1)
2025-03-18 09:49:44,958 [WARN] IntegrityCheckThread:84 - waiting for thirdparty lock release [integrity check]
2025-03-18 09:49:44,958 [INFO] PluginManage:310 - Check plugin tools
2025-03-18 09:49:44,959 [INFO] IntegrityCheckThread:86 - entering critical section [integrity check]
2025-03-18 09:49:44,959 [INFO] ThirdPartyUpdaterWithRetryManager:70 - Updater plugin not ready yet. [1/15]
2025-03-18 09:49:44,961 [INFO] PluginManage:359 - Loaded plugin tools (category:base,tabindex:7)
2025-03-18 09:49:44,961 [INFO] PluginManage:310 - Check plugin tutovideos
2025-03-18 09:49:45,100 [INFO] PluginManage:359 - Loaded plugin tutovideos (category:base,tabindex:-1)
2025-03-18 09:49:45,100 [INFO] PluginManage:310 - Check plugin updater
2025-03-18 09:49:45,116 [INFO] PluginManage:359 - Loaded plugin updater (category:base,tabindex:12)
2025-03-18 09:49:45,117 [INFO] PluginManage:310 - Check plugin userauth
2025-03-18 09:49:45,119 [INFO] UserAuth:118 - Init User Auth plugin
2025-03-18 09:49:45,120 [INFO] PluginManage:359 - Loaded plugin userauth (category:base,tabindex:14)
2025-03-18 09:49:45,121 [INFO] PluginManage:283 - PluginManage : Loaded plugins [18]
2025-03-18 09:49:45,275 [INFO] PinOutPanel:1589 - setPackage(No Configuration,No Configuration)
2025-03-18 09:49:45,340 [INFO] CADModel:165 - CPN selected for project level
2025-03-18 09:49:45,340 [INFO] CADModel:114 - Register for checkConnection events
2025-03-18 09:49:45,356 [INFO] IPUIPlugin:80 - create IPUIPlugin
2025-03-18 09:49:45,356 [INFO] PluginManager:220 - loadIPPluginJar : add adc
2025-03-18 09:49:45,359 [INFO] IPUIPlugin:80 - create IPUIPlugin
2025-03-18 09:49:45,359 [INFO] PluginManager:220 - loadIPPluginJar : add aes
2025-03-18 09:49:45,362 [INFO] IPUIPlugin:80 - create IPUIPlugin
2025-03-18 09:49:45,362 [INFO] PluginManager:220 - loadIPPluginJar : add can
2025-03-18 09:49:45,363 [INFO] IPUIPlugin:80 - create IPUIPlugin
2025-03-18 09:49:45,363 [INFO] PluginManager:220 - loadIPPluginJar : add comp
2025-03-18 09:49:45,365 [INFO] IPUIPlugin:80 - create IPUIPlugin
2025-03-18 09:49:45,365 [INFO] PluginManager:220 - loadIPPluginJar : add cryp
2025-03-18 09:49:45,368 [INFO] IPUIPlugin:80 - create IPUIPlugin
2025-03-18 09:49:45,368 [INFO] PluginManager:220 - loadIPPluginJar : add ddr_ctrl_phy
2025-03-18 09:49:45,371 [INFO] IPUIPlugin:80 - create IPUIPlugin
2025-03-18 09:49:45,371 [INFO] PluginManager:220 - loadIPPluginJar : add dfsdm
2025-03-18 09:49:45,375 [INFO] IPUIPlugin:80 - create IPUIPlugin
2025-03-18 09:49:45,375 [INFO] PluginManager:220 - loadIPPluginJar : add dma
2025-03-18 09:49:45,378 [INFO] IPUIPlugin:80 - create IPUIPlugin
2025-03-18 09:49:45,378 [INFO] PluginManager:220 - loadIPPluginJar : add dma3
2025-03-18 09:49:45,380 [INFO] IPUIPlugin:80 - create IPUIPlugin
2025-03-18 09:49:45,380 [INFO] PluginManager:220 - loadIPPluginJar : add extmemmanager
2025-03-18 09:49:45,382 [INFO] IPUIPlugin:80 - create IPUIPlugin
2025-03-18 09:49:45,382 [INFO] PluginManager:220 - loadIPPluginJar : add fatfs
2025-03-18 09:49:45,385 [INFO] IPUIPlugin:80 - create IPUIPlugin
2025-03-18 09:49:45,385 [INFO] PluginManager:220 - loadIPPluginJar : add fmc
2025-03-18 09:49:45,390 [INFO] IPUIPlugin:80 - create IPUIPlugin
2025-03-18 09:49:45,390 [INFO] PluginManager:220 - loadIPPluginJar : add freertos
2025-03-18 09:49:45,392 [INFO] IPUIPlugin:80 - create IPUIPlugin
2025-03-18 09:49:45,392 [INFO] PluginManager:220 - loadIPPluginJar : add genericplugin
2025-03-18 09:49:45,396 [INFO] IPUIPlugin:80 - create IPUIPlugin
2025-03-18 09:49:45,396 [INFO] PluginManager:220 - loadIPPluginJar : add gfxmmu
2025-03-18 09:49:45,399 [INFO] IPUIPlugin:80 - create IPUIPlugin
2025-03-18 09:49:45,400 [INFO] PluginManager:220 - loadIPPluginJar : add gic
2025-03-18 09:49:45,403 [INFO] IPUIPlugin:80 - create IPUIPlugin
2025-03-18 09:49:45,403 [INFO] PluginManager:220 - loadIPPluginJar : add gpio
2025-03-18 09:49:45,406 [INFO] IPUIPlugin:80 - create IPUIPlugin
2025-03-18 09:49:45,406 [INFO] PluginManager:220 - loadIPPluginJar : add gtzc
2025-03-18 09:49:45,408 [INFO] IPUIPlugin:80 - create IPUIPlugin
2025-03-18 09:49:45,408 [INFO] PluginManager:220 - loadIPPluginJar : add hash
2025-03-18 09:49:45,412 [INFO] IPUIPlugin:80 - create IPUIPlugin
2025-03-18 09:49:45,412 [INFO] PluginManager:220 - loadIPPluginJar : add i2c
2025-03-18 09:49:45,414 [INFO] IPUIPlugin:80 - create IPUIPlugin
2025-03-18 09:49:45,414 [INFO] PluginManager:220 - loadIPPluginJar : add i2s
2025-03-18 09:49:45,416 [INFO] IPUIPlugin:80 - create IPUIPlugin
2025-03-18 09:49:45,417 [INFO] PluginManager:220 - loadIPPluginJar : add i3c
2025-03-18 09:49:45,419 [INFO] IPUIPlugin:80 - create IPUIPlugin
2025-03-18 09:49:45,419 [INFO] PluginManager:220 - loadIPPluginJar : add ipddr
2025-03-18 09:49:45,427 [INFO] IPUIPlugin:80 - create IPUIPlugin
2025-03-18 09:49:45,427 [INFO] PluginManager:220 - loadIPPluginJar : add linkedlist
2025-03-18 09:49:45,429 [INFO] IPUIPlugin:80 - create IPUIPlugin
2025-03-18 09:49:45,429 [INFO] PluginManager:220 - loadIPPluginJar : add lorawan
2025-03-18 09:49:45,431 [INFO] IPUIPlugin:80 - create IPUIPlugin
2025-03-18 09:49:45,431 [INFO] PluginManager:220 - loadIPPluginJar : add ltdc
2025-03-18 09:49:45,435 [INFO] IPUIPlugin:80 - create IPUIPlugin
2025-03-18 09:49:45,435 [INFO] PluginManager:220 - loadIPPluginJar : add mdma
2025-03-18 09:49:45,438 [INFO] IPUIPlugin:80 - create IPUIPlugin
2025-03-18 09:49:45,438 [INFO] PluginManager:220 - loadIPPluginJar : add nvic
2025-03-18 09:49:45,440 [INFO] IPUIPlugin:80 - create IPUIPlugin
2025-03-18 09:49:45,440 [INFO] PluginManager:220 - loadIPPluginJar : add opamp
2025-03-18 09:49:45,443 [INFO] IPUIPlugin:80 - create IPUIPlugin
2025-03-18 09:49:45,444 [INFO] PluginManager:220 - loadIPPluginJar : add openamp
2025-03-18 09:49:45,446 [INFO] IPUIPlugin:80 - create IPUIPlugin
2025-03-18 09:49:45,447 [INFO] PluginManager:220 - loadIPPluginJar : add pdm2pcm
2025-03-18 09:49:45,451 [INFO] IPUIPlugin:80 - create IPUIPlugin
2025-03-18 09:49:45,453 [INFO] PluginManager:220 - loadIPPluginJar : add plateformsettings
2025-03-18 09:49:45,454 [INFO] IPUIPlugin:80 - create IPUIPlugin
2025-03-18 09:49:45,454 [INFO] PluginManager:220 - loadIPPluginJar : add quadspi
2025-03-18 09:49:45,456 [INFO] IPUIPlugin:80 - create IPUIPlugin
2025-03-18 09:49:45,456 [INFO] PluginManager:220 - loadIPPluginJar : add radio
2025-03-18 09:49:45,459 [INFO] IPUIPlugin:80 - create IPUIPlugin
2025-03-18 09:49:45,459 [INFO] PluginManager:220 - loadIPPluginJar : add resmgrutility
2025-03-18 09:49:45,462 [INFO] IPUIPlugin:80 - create IPUIPlugin
2025-03-18 09:49:45,462 [INFO] PluginManager:220 - loadIPPluginJar : add sai
2025-03-18 09:49:45,464 [INFO] IPUIPlugin:80 - create IPUIPlugin
2025-03-18 09:49:45,464 [INFO] PluginManager:220 - loadIPPluginJar : add spi
2025-03-18 09:49:45,467 [INFO] IPUIPlugin:80 - create IPUIPlugin
2025-03-18 09:49:45,467 [INFO] PluginManager:220 - loadIPPluginJar : add stm32_wpan
2025-03-18 09:49:45,469 [INFO] IPUIPlugin:80 - create IPUIPlugin
2025-03-18 09:49:45,469 [INFO] PluginManager:220 - loadIPPluginJar : add tim
2025-03-18 09:49:45,471 [INFO] IPUIPlugin:80 - create IPUIPlugin
2025-03-18 09:49:45,471 [INFO] PluginManager:220 - loadIPPluginJar : add touchsensing
2025-03-18 09:49:45,472 [INFO] IPUIPlugin:80 - create IPUIPlugin
2025-03-18 09:49:45,472 [INFO] PluginManager:220 - loadIPPluginJar : add tracer_emb
2025-03-18 09:49:45,474 [INFO] IPUIPlugin:80 - create IPUIPlugin
2025-03-18 09:49:45,474 [INFO] PluginManager:220 - loadIPPluginJar : add ts
2025-03-18 09:49:45,476 [INFO] IPUIPlugin:80 - create IPUIPlugin
2025-03-18 09:49:45,476 [INFO] PluginManager:220 - loadIPPluginJar : add tsc
2025-03-18 09:49:45,478 [INFO] IPUIPlugin:80 - create IPUIPlugin
2025-03-18 09:49:45,478 [INFO] PluginManager:220 - loadIPPluginJar : add ucpd
2025-03-18 09:49:45,480 [INFO] IPUIPlugin:80 - create IPUIPlugin
2025-03-18 09:49:45,480 [INFO] PluginManager:220 - loadIPPluginJar : add usart
2025-03-18 09:49:45,482 [INFO] IPUIPlugin:80 - create IPUIPlugin
2025-03-18 09:49:45,482 [INFO] PluginManager:220 - loadIPPluginJar : add usbx
2025-03-18 09:49:45,591 [FATAL] Updater:351 - Updater called before beeing initialized
2025-03-18 09:49:45,619 [INFO] RulesReader:64 - Compatibility file has been processed (301 Rules)
2025-03-18 09:49:45,627 [INFO] RulesReader:64 - Compatibility file has been processed (301 Rules)
2025-03-18 09:49:45,632 [INFO] CADModel:165 - CPN selected for project level
2025-03-18 09:49:45,632 [INFO] CADModel:114 - Register for checkConnection events
2025-03-18 09:49:45,632 [FATAL] Updater:351 - Updater called before beeing initialized
2025-03-18 09:49:45,632 [ERROR] CADModel:125 - Updater not yet initialized, retry later 
2025-03-18 09:49:45,732 [FATAL] Updater:351 - Updater called before beeing initialized
2025-03-18 09:49:45,733 [INFO] CADModel:165 - CPN selected for project level
2025-03-18 09:49:45,733 [INFO] CADModel:114 - Register for checkConnection events
2025-03-18 09:49:45,733 [FATAL] Updater:351 - Updater called before beeing initialized
2025-03-18 09:49:45,733 [ERROR] CADModel:125 - Updater not yet initialized, retry later 
2025-03-18 09:49:45,735 [FATAL] Updater:351 - Updater called before beeing initialized
2025-03-18 09:49:45,812 [FATAL] Updater:351 - Updater called before beeing initialized
2025-03-18 09:49:45,816 [INFO] DbMcusAds:53 - JSON generation date=Thu Mar 06 15:54:21 CET 2025 (1741272861825)
2025-03-18 09:49:45,816 [FATAL] Updater:351 - Updater called before beeing initialized
2025-03-18 09:49:45,851 [WARN] DetailPanel:346 - Failed to get advertising image, set to default
2025-03-18 09:49:46,085 [FATAL] Updater:351 - Updater called before beeing initialized
2025-03-18 09:49:46,086 [FATAL] Updater:351 - Updater called before beeing initialized
2025-03-18 09:49:46,086 [FATAL] Updater:351 - Updater called before beeing initialized
2025-03-18 09:49:46,087 [WARN] DetailPanel:346 - Failed to get advertising image, set to default
2025-03-18 09:49:46,087 [FATAL] Updater:351 - Updater called before beeing initialized
2025-03-18 09:49:46,123 [ERROR] Updater:1198 - MainUpdater not yet initialized. External WinMGr cannot be set.
2025-03-18 09:49:46,125 [INFO] Updater:1134 - Updater Version found : 6.14.0
2025-03-18 09:49:46,140 [INFO] ApplicationProperties:184 - Using Application install path: C:\ST\STM32CubeIDE_1.18.0\STM32CubeIDE\plugins\com.st.stm32cube.common.mx_6.14.0.202502271554
2025-03-18 09:49:46,169 [INFO] MainUpdater:525 - Copy updater definitions from MX database
2025-03-18 09:49:46,391 [INFO] MainUpdater:2872 - connection check result : 10
2025-03-18 09:49:46,392 [INFO] MainUpdater:3566 - Updater definition file requires update
2025-03-18 09:49:46,392 [INFO] MainUpdater:289 - Updater Check For Update Now.
2025-03-18 09:49:46,392 [INFO] MicroXplorer:498 - Change Database Version : DB.6.0.140
2025-03-18 09:49:46,397 [INFO] McuFinderGlobals:63 - Set McuFinder mode to 2 (CubeIDE integrated)
2025-03-18 09:49:46,398 [INFO] UserAuth:486 - Internet connection configuration mode: 1
2025-03-18 09:49:46,413 [INFO] JxBrowserEngine:152 - Initiate JxBrowser Engine with user profile folder
2025-03-18 09:49:46,483 [INFO] ServerAccessManage:473 - Download File updaters.zip
2025-03-18 09:49:46,674 [INFO] FileExtend:242 - Unzip File : updaters.zip
2025-03-18 09:49:46,674 [INFO] FileExtend:257 - Standard Zip Deflate
2025-03-18 09:49:47,030 [INFO] ServerAccessManage:473 - Download File PacksControlFlags.xml
2025-03-18 09:49:47,085 [INFO] ServerAccessManage:473 - Download File cubemx.pidx
2025-03-18 09:49:47,185 [INFO] LoadServerUpdatesThread:375 - End of LoadServerUpdate Thread
2025-03-18 09:49:47,347 [INFO] CheckServerUpdateThread:120 - End of CheckServer Thread
2025-03-18 09:49:48,307 [WARN] PackLoader:240 - Cannot read IP mode file for STMicroelectronics.FP-SNS-MOTENVWB1.1.4.0
2025-03-18 09:49:48,329 [WARN] PackLoader:240 - Cannot read IP mode file for STMicroelectronics.FP-ATR-ASTRA1.2.0.2
2025-03-18 09:49:48,355 [WARN] PackLoader:240 - Cannot read IP mode file for STMicroelectronics.X-CUBE-SMBUS.2.1.0
2025-03-18 09:49:48,384 [WARN] PackLoader:240 - Cannot read IP mode file for STMicroelectronics.X-CUBE-WB05N.1.1.0
2025-03-18 09:49:48,401 [WARN] PackLoader:240 - Cannot read IP mode file for STMicroelectronics.X-CUBE-TOUCHGFX.4.23.0
2025-03-18 09:49:48,406 [WARN] PackLoader:240 - Cannot read IP mode file for STMicroelectronics.X-CUBE-TOUCHGFX.4.23.2
2025-03-18 09:49:48,453 [WARN] PackLoader:240 - Cannot read IP mode file for STMicroelectronics.X-CUBE-AZRTOS-F7.1.1.0
2025-03-18 09:49:48,472 [WARN] PackLoader:240 - Cannot read IP mode file for STMicroelectronics.FP-SNS-MOTENV1.4.3.2
2025-03-18 09:49:48,485 [WARN] PackLoader:240 - Cannot read IP mode file for STMicroelectronics.FP-SNS-FLIGHT1.5.0.2
2025-03-18 09:49:48,498 [WARN] PackLoader:240 - Cannot read IP mode file for STMicroelectronics.X-CUBE-DISPLAY.3.0.0
2025-03-18 09:49:48,507 [WARN] PackLoader:240 - Cannot read IP mode file for STMicroelectronics.X-CUBE-BLE1.7.0.0
2025-03-18 09:49:48,520 [WARN] PackLoader:240 - Cannot read IP mode file for STMicroelectronics.X-CUBE-NFC10.1.0.0
2025-03-18 09:49:48,539 [WARN] PackLoader:240 - Cannot read IP mode file for STMicroelectronics.X-CUBE-BLEMGR.4.0.0
2025-03-18 09:49:48,549 [WARN] PackLoader:240 - Cannot read IP mode file for emotas.I-CUBE-CANOPEN.1.3.0
2025-03-18 09:49:48,554 [WARN] ConditionMgr:438 - getConditionDescription Invalid condition id : Cortex-A Device cause : null
2025-03-18 09:49:48,566 [WARN] ConditionMgr:1044 - genDependencies : Invalid condition id : Cortex-A Device cause : null
2025-03-18 09:49:48,566 [WARN] ConditionMgr:1044 - genDependencies : Invalid condition id : Cortex-A Device cause : null
2025-03-18 09:49:48,566 [WARN] ConditionMgr:1044 - genDependencies : Invalid condition id : Cortex-A Device cause : null
2025-03-18 09:49:48,578 [WARN] PackLoader:240 - Cannot read IP mode file for STMicroelectronics.X-CUBE-BLEMGR.3.1.0
2025-03-18 09:49:48,585 [WARN] PackLoader:240 - Cannot read IP mode file for STMicroelectronics.X-CUBE-AI.10.0.0
2025-03-18 09:49:48,589 [WARN] PackLoader:240 - Cannot read IP mode file for STMicroelectronics.FP-SNS-SMARTAG2.1.2.0
2025-03-18 09:49:48,593 [WARN] PackLoader:240 - Cannot read IP mode file for STMicroelectronics.FP-SNS-FLIGHT1.5.1.0
2025-03-18 09:49:48,638 [INFO] WebApp:169 - Instantiating new browser for Auth
2025-03-18 09:49:48,649 [WARN] PackLoader:240 - Cannot read IP mode file for STMicroelectronics.X-CUBE-MEMS1.11.1.0
2025-03-18 09:49:48,822 [INFO] LogOutputStream:77 - [STDOUT_REDIRECT] 1 : Invalid condition id : UX_CORESTACK_Condition cause : null
2025-03-18 09:49:48,823 [INFO] LogOutputStream:77 - [STDOUT_REDIRECT] 1 : Invalid condition id : UX_CORESTACK_Condition cause : null
2025-03-18 09:49:48,824 [INFO] LogOutputStream:77 - [STDOUT_REDIRECT] 1 : Invalid condition id : UX_CORESTACK_Condition cause : null
2025-03-18 09:49:48,825 [INFO] LogOutputStream:77 - [STDOUT_REDIRECT] 1 : Invalid condition id : UX_CORESTACK_Condition cause : null
2025-03-18 09:49:48,826 [INFO] LogOutputStream:77 - [STDOUT_REDIRECT] 1 : Invalid condition id : UX_CORESTACK_Condition cause : null
2025-03-18 09:49:48,829 [WARN] PackLoader:240 - Cannot read IP mode file for STMicroelectronics.X-CUBE-AZRTOS-WL.2.0.0
2025-03-18 09:49:48,838 [WARN] PackLoader:240 - Cannot read IP mode file for STMicroelectronics.FP-SNS-MOTENV1.5.0.0
2025-03-18 09:49:48,865 [WARN] PackLoader:240 - Cannot read IP mode file for WES.I-CUBE-Cesium.1.3.0
2025-03-18 09:49:48,880 [WARN] PackLoader:240 - Cannot read IP mode file for STMicroelectronics.X-CUBE-BLE2.3.3.0
2025-03-18 09:49:48,999 [WARN] PackLoader:240 - Cannot read IP mode file for STMicroelectronics.X-CUBE-NFC9.1.0.0
2025-03-18 09:49:49,025 [WARN] PackLoader:240 - Cannot read IP mode file for STMicroelectronics.X-CUBE-BLE1.7.1.0
2025-03-18 09:49:49,046 [WARN] PackLoader:240 - Cannot read IP mode file for wolfSSL.I-CUBE-wolfMQTT.1.19.2
2025-03-18 09:49:49,073 [WARN] PackLoader:240 - Cannot read IP mode file for STMicroelectronics.X-CUBE-TCPP.4.1.0
2025-03-18 09:49:49,089 [WARN] PackLoader:240 - Cannot read IP mode file for STMicroelectronics.X-CUBE-ALGOBUILD.1.3.0
2025-03-18 09:49:49,113 [WARN] PackLoader:240 - Cannot read IP mode file for STMicroelectronics.X-CUBE-AZRTOS-G0.1.1.0
2025-03-18 09:49:49,131 [WARN] PackLoader:240 - Cannot read IP mode file for STMicroelectronics.X-CUBE-SAFEA1.1.2.2
2025-03-18 09:49:49,138 [WARN] PackLoader:240 - Cannot read IP mode file for STMicroelectronics.X-CUBE-NFC4.3.0.0
2025-03-18 09:49:49,155 [WARN] PackLoader:240 - Cannot read IP mode file for EmbeddedOffice.I-CUBE-FS-RTOS.1.0.1
2025-03-18 09:49:49,159 [WARN] PackLoader:240 - Cannot read IP mode file for wolfSSL.I-CUBE-wolfTPM.3.8.0
2025-03-18 09:49:49,165 [WARN] PackLoader:240 - Cannot read IP mode file for STMicroelectronics.X-CUBE-TCPP.4.2.0
2025-03-18 09:49:49,174 [WARN] PackLoader:240 - Cannot read IP mode file for RealThread.X-CUBE-RT-Thread_Nano.4.1.1
2025-03-18 09:49:49,183 [WARN] PackLoader:240 - Cannot read IP mode file for STMicroelectronics.FP-ATR-SIGFOX1.3.2.0
2025-03-18 09:49:49,221 [WARN] PackLoader:240 - Cannot read IP mode file for STMicroelectronics.X-CUBE-EEPRMA1.5.1.0
2025-03-18 09:49:49,255 [WARN] PackLoader:240 - Cannot read IP mode file for SEGGER.I-CUBE-embOS.1.3.1
2025-03-18 09:49:49,297 [WARN] PackLoader:240 - Cannot read IP mode file for STMicroelectronics.X-CUBE-ALGOBUILD.1.4.0
2025-03-18 09:49:49,309 [WARN] PackLoader:240 - Cannot read IP mode file for STMicroelectronics.X-CUBE-GNSS1.6.0.0
2025-03-18 09:49:49,328 [WARN] PackLoader:240 - Cannot read IP mode file for STMicroelectronics.X-CUBE-AZRTOS-F4.1.1.0
2025-03-18 09:49:49,346 [WARN] PackLoader:240 - Cannot read IP mode file for STMicroelectronics.X-CUBE-ISPU.2.1.0
2025-03-18 09:49:49,356 [WARN] PackLoader:240 - Cannot read IP mode file for STMicroelectronics.X-CUBE-FREERTOS.1.2.0
2025-03-18 09:49:49,363 [WARN] PackLoader:240 - Cannot read IP mode file for wolfSSL.I-CUBE-wolfSSL.5.6.6
2025-03-18 09:49:49,378 [WARN] PackLoader:240 - Cannot read IP mode file for STMicroelectronics.X-CUBE-AZRTOS-L5.2.0.0
2025-03-18 09:49:49,390 [WARN] PackLoader:240 - Cannot read IP mode file for STMicroelectronics.X-CUBE-NFC6.3.1.0
2025-03-18 09:49:49,402 [WARN] PackLoader:240 - Cannot read IP mode file for ITTIA_DB.I-CUBE-ITTIADB.8.8.0
2025-03-18 09:49:49,407 [WARN] PackLoader:240 - Cannot read IP mode file for STMicroelectronics.X-CUBE-DPower.1.2.0
2025-03-18 09:49:49,414 [WARN] PackLoader:240 - Cannot read IP mode file for STMicroelectronics.X-CUBE-AI.9.0.0
2025-03-18 09:49:49,418 [WARN] PackLoader:240 - Cannot read IP mode file for STMicroelectronics.X-CUBE-FREERTOS.1.3.0
2025-03-18 09:49:49,422 [WARN] PackLoader:240 - Cannot read IP mode file for STMicroelectronics.X-CUBE-NFC7.1.0.1
2025-03-18 09:49:49,426 [WARN] PackLoader:240 - Cannot read IP mode file for STMicroelectronics.X-CUBE-AI.8.1.0
2025-03-18 09:49:49,448 [WARN] ConditionMgr:438 - getConditionDescription Invalid condition id : LAN8742 Phy interface Condition cause : null
2025-03-18 09:49:49,449 [WARN] PackLoader:240 - Cannot read IP mode file for STMicroelectronics.X-CUBE-AZRTOS-L4.2.0.0
2025-03-18 09:49:49,451 [WARN] ConditionMgr:1044 - genDependencies : Invalid condition id : LAN8742 Phy interface Condition cause : null
2025-03-18 09:49:49,451 [WARN] ConditionMgr:1044 - genDependencies : Invalid condition id : LAN8742 Phy interface Condition cause : null
2025-03-18 09:49:49,452 [WARN] ConditionMgr:1044 - genDependencies : Invalid condition id : LAN8742 Phy interface Condition cause : null
2025-03-18 09:49:49,459 [WARN] PackLoader:240 - Cannot read IP mode file for STMicroelectronics.X-CUBE-SFXS2LP1.4.0.0
2025-03-18 09:49:49,474 [WARN] PackLoader:240 - Cannot read IP mode file for STMicroelectronics.X-CUBE-AZRTOS-H7.3.3.0
2025-03-18 09:49:49,487 [WARN] ConditionMgr:438 - getConditionDescription Invalid condition id : UX DEVICE CLASS RTOS Condition cause : null
2025-03-18 09:49:49,487 [WARN] ConditionMgr:438 - getConditionDescription Invalid condition id : UX DEVICE CLASS RTOS Condition cause : null
2025-03-18 09:49:49,489 [WARN] PackLoader:240 - Cannot read IP mode file for STMicroelectronics.X-CUBE-AZRTOS-WB.2.0.0
2025-03-18 09:49:49,490 [WARN] ConditionMgr:1044 - genDependencies : Invalid condition id : UX DEVICE CLASS RTOS Condition cause : null
2025-03-18 09:49:49,490 [WARN] ConditionMgr:1044 - genDependencies : Invalid condition id : UX DEVICE CLASS RTOS Condition cause : null
2025-03-18 09:49:49,491 [WARN] ConditionMgr:1044 - genDependencies : Invalid condition id : UX DEVICE CLASS RTOS Condition cause : null
2025-03-18 09:49:49,491 [WARN] ConditionMgr:1044 - genDependencies : Invalid condition id : UX DEVICE CLASS RTOS Condition cause : null
2025-03-18 09:49:49,491 [WARN] ConditionMgr:1044 - genDependencies : Invalid condition id : UX DEVICE CLASS RTOS Condition cause : null
2025-03-18 09:49:49,496 [WARN] PackLoader:240 - Cannot read IP mode file for STMicroelectronics.X-CUBE-GNSS1.7.0.1
2025-03-18 09:49:49,499 [WARN] PackLoader:240 - Cannot read IP mode file for STMicroelectronics.X-CUBE-TOUCHGFX.4.25.0
2025-03-18 09:49:49,504 [WARN] PackLoader:240 - Cannot read IP mode file for STMicroelectronics.FP-SNS-STBOX1.2.0.0
2025-03-18 09:49:49,515 [WARN] PackLoader:240 - Cannot read IP mode file for STMicroelectronics.X-CUBE-SUBG2.5.0.0
2025-03-18 09:49:49,536 [WARN] PackLoader:240 - Cannot read IP mode file for STMicroelectronics.X-CUBE-AZRTOS-H7RS.1.1.0
2025-03-18 09:49:49,551 [WARN] PackLoader:240 - Cannot read IP mode file for STMicroelectronics.X-CUBE-AZRTOS-G4.2.0.0
2025-03-18 09:49:49,563 [WARN] PackLoader:240 - Cannot read IP mode file for Infineon.AIROC-Wi-Fi-Bluetooth-STM32.1.5.1
2025-03-18 09:49:49,571 [WARN] PackLoader:240 - Cannot read IP mode file for wolfSSL.I-CUBE-wolfSSH.1.4.20
2025-03-18 09:49:49,576 [WARN] PackLoader:240 - Cannot read IP mode file for STMicroelectronics.FP-SNS-MOTENVWB1.1.3.1
2025-03-18 09:49:49,582 [WARN] PackLoader:240 - Cannot read IP mode file for STMicroelectronics.X-CUBE-ISPU.2.0.0
2025-03-18 09:49:49,597 [WARN] PackLoader:240 - Cannot read IP mode file for STMicroelectronics.X-CUBE-IPS.3.1.0
2025-03-18 09:49:49,609 [WARN] PackLoader:240 - Cannot read IP mode file for STMicroelectronics.X-CUBE-ALS.1.0.2
2025-03-18 09:49:49,659 [WARN] PackLoader:240 - Cannot read IP mode file for STMicroelectronics.X-CUBE-MEMS1.10.0.0
2025-03-18 09:49:49,751 [WARN] PackLoader:240 - Cannot read IP mode file for STMicroelectronics.X-CUBE-FREERTOS.1.1.0
2025-03-18 09:49:49,756 [WARN] PackLoader:240 - Cannot read IP mode file for portGmbH.I-Cube-SoM-uGOAL.1.1.0
2025-03-18 09:49:49,759 [WARN] PackLoader:240 - Cannot read IP mode file for STMicroelectronics.X-CUBE-ALS.1.0.1
2025-03-18 09:49:49,769 [WARN] PackLoader:240 - Cannot read IP mode file for STMicroelectronics.X-CUBE-AZRTOS-H7RS.1.0.0
2025-03-18 09:49:49,773 [WARN] PackLoader:240 - Cannot read IP mode file for STMicroelectronics.FP-ATR-ASTRA1.2.0.0
2025-03-18 09:49:49,780 [WARN] PackLoader:240 - Cannot read IP mode file for STMicroelectronics.X-CUBE-TOF1.3.4.2
2025-03-18 09:49:49,791 [WARN] PackLoader:240 - Cannot read IP mode file for STMicroelectronics.X-CUBE-TOF1.3.4.1
2025-03-18 09:49:49,809 [WARN] PackLoader:240 - Cannot read IP mode file for STMicroelectronics.X-CUBE-AZRTOS-H7.3.2.0
2025-03-18 09:49:49,812 [INFO] ThirdParty:978 - Integrity check success = true
2025-03-18 09:49:49,812 [INFO] IntegrityCheckThread:100 - exiting critical section [integrity check]
2025-03-18 09:49:49,812 [INFO] IntegrityCheckThread:103 - End integrity checks thread
2025-03-18 09:49:49,987 [INFO] WebApp:463 - Apply proxy settings
2025-03-18 09:49:49,987 [INFO] WebApp:548 - Chromium requires no authentication
2025-03-18 09:49:50,033 [INFO] WebApp:491 - Direct internet connection detected
2025-03-18 09:49:50,152 [INFO] WebApp:894 - Register for checkConnection events
2025-03-18 09:49:50,153 [INFO] WebApp:463 - Apply proxy settings
2025-03-18 09:49:50,153 [INFO] WebApp:548 - Chromium requires no authentication
2025-03-18 09:49:50,154 [INFO] WebApp:491 - Direct internet connection detected
2025-03-18 09:49:50,497 [INFO] WebApp:191 - Connection restablished
2025-03-18 09:49:50,699 [INFO] WebApp:225 - Starting web application
2025-03-18 09:49:50,699 [INFO] WebApp:593 - Web application path used C:\ST\STM32CubeIDE_1.18.0\STM32CubeIDE\plugins\com.st.stm32cube.common.mx_6.14.0.202502271554\db\plugins\mcufinder\reactClient1\index.html
2025-03-18 09:49:50,901 [INFO] UserAuth:486 - Internet connection configuration mode: 1
2025-03-18 09:50:19,800 [ERROR] LogOutputStream:75 - [STDERR_REDIRECT] 
